Evaluation...
> 背を伸ばしたいなら、よく寝ることだ。
= 背が高い人は、よく眠る人だ。
< よく 寝れ ば 、 背 が 伸びる 。 <EOS>

> 夫が風邪をひいた。
= 主人が風邪をひいた。
< 私 は 妻 で ある 。 <EOS>

> 梅雨が明けた。
= 毎日暑い日が続く。
< 毎日 暑い 日 が 続く 。 <EOS>

> 埼玉は内陸に位置する。
= 埼玉は海に面していない。
< 埼玉 は 海 に 面し て い ない 。 <EOS>

> 今日はみどりの日だ。
= 今日は4月29日だ。
< 今日 は 4 月 29 日 だ 。 <EOS>

> 佐藤党首は分刻みのスケジュールで行動している。
= 佐藤党首は忙しい。
< 佐藤 党首 は 忙しい 。 <EOS>

> ぞうきんで顔を拭かれた。
= 頭にきた。
< 臭かっ た 。 <EOS>

> カレンダーをめくった。
= 1か月が過ぎた。
< 1 か月 が 過ぎ 。 <EOS>

> 病院に行った。
= 私は看護師だ。
< 体調 が 悪かっ た 。 <EOS>

> 今朝は朝食をとらなかった。
= いつも朝食をとる。
< 今朝 は 忙しかっ た 。 <EOS>

