Evaluation...
> 彼は肉料理が苦手だ。
= 彼は肉料理が好きだ。
< 彼 は 肉料理 が 嫌い だ 。 <EOS>

> 吸収力に自信のある紙オムツが発売になった。
= 紙オムツには吸収力が必要である。
< 紙オムツ に は 吸収 力 が 必要 で ある 。 <EOS>

> 救急車のサイレンが聞こえる。
= 道を譲らなくてはならない。
< 事故 が あっ て 怪我人 が 出 た 。 <EOS>

> 運動会の練習をしている。
= 体を動かすのが好きだ。
< 体 を 動かす の が 好き だ 。 <EOS>

> 寒いのでストーブをつけた。
= ストーブをつけると暖かくなる。
< ストーブ を つける と 暖かく なる 。 <EOS>

> トムヤムクンを食べた。
= タイ料理を食べた。
< エビ を 食べ た 。 <EOS>

> 太郎は穏やかで、花子は激しい。
= 花子は激しい。
< 太郎 は 穏やか だ 。 <EOS>

> 使っていたプラスチックの蓋が割れた。
= すべてのものは劣化していく。
< プラスチック は 劣化 する 。 <EOS>

> この仕事をこなす。
= この仕事を切り回す。
< この 仕事 を 切り回す 。 <EOS>

> 梅酒を飲んだ。
= ウメ酒を呑んだ。
< おいしかっ た 。 <EOS>

